<?xml version="1.0" encoding="UTF-8"?>
<testsuite name="Assignment1Test" tests="4" skipped="0" failures="0" errors="0" timestamp="2022-01-06T07:47:02" hostname="Administrators-MacBook-Pro.local" time="0.012">
  <properties/>
  <testcase name="Exception thrown if not enough arguements are passed" classname="Assignment1Test" time="0.004"/>
  <testcase name="Exception thrown if name is not being passed first" classname="Assignment1Test" time="0.002"/>
  <testcase name="SI Hashmap is being created properly" classname="Assignment1Test" time="0.001"/>
  <testcase name="Exception thrown if type does have any values but the ones defined" classname="Assignment1Test" time="0.002"/>
  <system-out><![CDATA[]]></system-out>
  <system-err><![CDATA[]]></system-err>
</testsuite>
