<?xml version="1.0" encoding="UTF-8"?>
<testsuite name="ItemTest" tests="3" skipped="0" failures="0" errors="0" timestamp="2022-01-06T07:47:02" hostname="Administrators-MacBook-Pro.local" time="0.045">
  <properties/>
  <testcase name="verifySalestaxCalculationImpoted()" classname="ItemTest" time="0.041"/>
  <testcase name="verifySalestaxCalculationRaw()" classname="ItemTest" time="0.001"/>
  <testcase name="verifySalestaxCalculationManufactured()" classname="ItemTest" time="0.001"/>
  <system-out><![CDATA[]]></system-out>
  <system-err><![CDATA[]]></system-err>
</testsuite>
