<?xml version="1.0" encoding="UTF-8"?>
<testsuite name="Assignment1Test" tests="2" skipped="0" failures="0" errors="0" timestamp="2022-01-06T07:15:27" hostname="Administrators-MacBook-Pro.local" time="0.038">
  <properties/>
  <testcase name="verifySales()" classname="Assignment1Test" time="0.034"/>
  <testcase name="verifySalestaxCalculation()" classname="Assignment1Test" time="0.002"/>
  <system-out><![CDATA[]]></system-out>
  <system-err><![CDATA[]]></system-err>
</testsuite>
